Determining if the pthread_create exist failed with the following output:
Change Dir: /home/ubuntu/catkin_ws/build/CMakeFiles/CMakeTmp

Run Build Command:"/usr/bin/make" "cmTC_826e6/fast"
/usr/bin/make -f CMakeFiles/cmTC_826e6.dir/build.make CMakeFiles/cmTC_826e6.dir/build
make[1]: Entering directory '/home/ubuntu/catkin_ws/build/CMakeFiles/CMakeTmp'
Building C object CMakeFiles/cmTC_826e6.dir/CheckSymbolExists.c.o
/usr/bin/cc     -o CMakeFiles/cmTC_826e6.dir/CheckSymbolExists.c.o   -c /home/ubuntu/catkin_ws/build/CMakeFiles/CMakeTmp/CheckSymbolExists.c
Linking C executable cmTC_826e6
/usr/bin/cmake -E cmake_link_script CMakeFiles/cmTC_826e6.dir/link.txt --verbose=1
/usr/bin/cc       CMakeFiles/cmTC_826e6.dir/CheckSymbolExists.c.o  -o cmTC_826e6 -rdynamic 
CMakeFiles/cmTC_826e6.dir/CheckSymbolExists.c.o: In function `main':
CheckSymbolExists.c:(.text+0xe): undefined reference to `pthread_create'
CheckSymbolExists.c:(.text+0x12): undefined reference to `pthread_create'
collect2: error: ld returned 1 exit status
CMakeFiles/cmTC_826e6.dir/build.make:97: recipe for target 'cmTC_826e6' failed
make[1]: *** [cmTC_826e6] Error 1
make[1]: Leaving directory '/home/ubuntu/catkin_ws/build/CMakeFiles/CMakeTmp'
Makefile:126: recipe for target 'cmTC_826e6/fast' failed
make: *** [cmTC_826e6/fast] Error 2

File /home/ubuntu/catkin_ws/build/CMakeFiles/CMakeTmp/CheckSymbolExists.c:
/* */
#include <pthread.h>

int main(int argc, char** argv)
{
  (void)argv;
#ifndef pthread_create
  return ((int*)(&pthread_create))[argc];
#else
  (void)argc;
  return 0;
#endif
}

Determining if the function pthread_create exists in the pthreads failed with the following output:
Change Dir: /home/ubuntu/catkin_ws/build/CMakeFiles/CMakeTmp

Run Build Command:"/usr/bin/make" "cmTC_6a0dc/fast"
/usr/bin/make -f CMakeFiles/cmTC_6a0dc.dir/build.make CMakeFiles/cmTC_6a0dc.dir/build
make[1]: Entering directory '/home/ubuntu/catkin_ws/build/CMakeFiles/CMakeTmp'
make[1]: Warning: File '/usr/share/cmake-3.5/Modules/CheckFunctionExists.c' has modification time 3618554 s in the future
Building C object CMakeFiles/cmTC_6a0dc.dir/CheckFunctionExists.c.o
/usr/bin/cc    -DCHECK_FUNCTION_EXISTS=pthread_create   -o CMakeFiles/cmTC_6a0dc.dir/CheckFunctionExists.c.o   -c /usr/share/cmake-3.5/Modules/CheckFunctionExists.c
Linking C executable cmTC_6a0dc
/usr/bin/cmake -E cmake_link_script CMakeFiles/cmTC_6a0dc.dir/link.txt --verbose=1
/usr/bin/cc   -DCHECK_FUNCTION_EXISTS=pthread_create    CMakeFiles/cmTC_6a0dc.dir/CheckFunctionExists.c.o  -o cmTC_6a0dc -rdynamic -lpthreads 
/usr/bin/ld: cannot find -lpthreads
collect2: error: ld returned 1 exit status
CMakeFiles/cmTC_6a0dc.dir/build.make:97: recipe for target 'cmTC_6a0dc' failed
make[1]: *** [cmTC_6a0dc] Error 1
make[1]: Leaving directory '/home/ubuntu/catkin_ws/build/CMakeFiles/CMakeTmp'
Makefile:126: recipe for target 'cmTC_6a0dc/fast' failed
make: *** [cmTC_6a0dc/fast] Error 2


